# JRE version: Java(TM) SE Runtime Environment (8.0_161-b12) (build 1.8.0_161-b12)
# Java VM: Java HotSpot(TM) 64-Bit Server VM (25.161-b12 mixed mode bsd-amd64 compressed oops)
Heap:
 PSYoungGen      total 283648K, used 182899K [0x00000007aab00000, 0x00000007c0000000, 0x00000007c0000000)
  eden space 214528K, 71% used [0x00000007aab00000,0x00000007b40ebc00,0x00000007b7c80000)
  from space 69120K, 42% used [0x00000007bbc80000,0x00000007bd9311b8,0x00000007c0000000)
  to   space 65536K, 0% used [0x00000007b7c80000,0x00000007b7c80000,0x00000007bbc80000)
 ParOldGen       total 699392K, used 69443K [0x0000000780000000, 0x00000007aab00000, 0x00000007aab00000)
  object space 699392K, 9% used [0x0000000780000000,0x00000007843d0f78,0x00000007aab00000)
 Metaspace       used 87368K, capacity 88248K, committed 88616K, reserved 1122304K
  class space    used 15828K, capacity 16117K, committed 16168K, reserved 1048576K
GC Heap History (10 events):
Event: 3874.058 GC heap before
{Heap before GC invocations=11 (full 4):
 PSYoungGen      total 305664K, used 305643K [0x00000007aab00000, 0x00000007c0000000, 0x00000007c0000000)
  eden space 262144K, 100% used [0x00000007aab00000,0x00000007bab00000,0x00000007bab00000)
  from space 43520K, 99% used [0x00000007bd580000,0x00000007bfffad88,0x00000007c0000000)
  to   space 43520K, 0% used [0x00000007bab00000,0x00000007bab00000,0x00000007bd580000)
 ParOldGen       total 699392K, used 12697K [0x0000000780000000, 0x00000007aab00000, 0x00000007aab00000)
  object space 699392K, 1% used [0x0000000780000000,0x0000000780c66718,0x00000007aab00000)
 Metaspace       used 68367K, capacity 69020K, committed 69160K, reserved 1105920K
  class space    used 12857K, capacity 13094K, committed 13096K, reserved 1048576K
Event: 3874.313 GC heap after
Heap after GC invocations=11 (full 4):
 PSYoungGen      total 302080K, used 43492K [0x00000007aab00000, 0x00000007c0000000, 0x00000007c0000000)
  eden space 258560K, 0% used [0x00000007aab00000,0x00000007aab00000,0x00000007ba780000)
  from space 43520K, 99% used [0x00000007bab00000,0x00000007bd5791a0,0x00000007bd580000)
  to   space 43520K, 0% used [0x00000007bd580000,0x00000007bd580000,0x00000007c0000000)
 ParOldGen       total 699392K, used 32783K [0x0000000780000000, 0x00000007aab00000, 0x00000007aab00000)
  object space 699392K, 4% used [0x0000000780000000,0x0000000782003c18,0x00000007aab00000)
 Metaspace       used 68367K, capacity 69020K, committed 69160K, reserved 1105920K
  class space    used 12857K, capacity 13094K, committed 13096K, reserved 1048576K
}
Event: 3875.227 GC heap before
{Heap before GC invocations=12 (full 4):
 PSYoungGen      total 302080K, used 132472K [0x00000007aab00000, 0x00000007c0000000, 0x00000007c0000000)
  eden space 258560K, 34% used [0x00000007aab00000,0x00000007b01e5240,0x00000007ba780000)
  from space 43520K, 99% used [0x00000007bab00000,0x00000007bd5791a0,0x00000007bd580000)
  to   space 43520K, 0% used [0x00000007bd580000,0x00000007bd580000,0x00000007c0000000)
 ParOldGen       total 699392K, used 32783K [0x0000000780000000, 0x00000007aab00000, 0x00000007aab00000)
  object space 699392K, 4% used [0x0000000780000000,0x0000000782003c18,0x00000007aab00000)
 Metaspace       used 73578K, capacity 74218K, committed 74520K, reserved 1110016K
  class space    used 13722K, capacity 13975K, committed 13992K, reserved 1048576K
Event: 3875.279 GC heap after
Heap after GC invocations=12 (full 4):
 PSYoungGen      total 248320K, used 43491K [0x00000007aab00000, 0x00000007c0000000, 0x00000007c0000000)
  eden space 204800K, 0% used [0x00000007aab00000,0x00000007aab00000,0x00000007b7300000)
  from space 43520K, 99% used [0x00000007bd580000,0x00000007bfff8f30,0x00000007c0000000)
  to   space 72192K, 0% used [0x00000007b7300000,0x00000007b7300000,0x00000007bb980000)
 ParOldGen       total 699392K, used 40822K [0x0000000780000000, 0x00000007aab00000, 0x00000007aab00000)
  object space 699392K, 5% used [0x0000000780000000,0x00000007827ddac8,0x00000007aab00000)
 Metaspace       used 73578K, capacity 74218K, committed 74520K, reserved 1110016K
  class space    used 13722K, capacity 13975K, committed 13992K, reserved 1048576K
}
Event: 3875.279 GC heap before
{Heap before GC invocations=13 (full 5):
 PSYoungGen      total 248320K, used 43491K [0x00000007aab00000, 0x00000007c0000000, 0x00000007c0000000)
  eden space 204800K, 0% used [0x00000007aab00000,0x00000007aab00000,0x00000007b7300000)
  from space 43520K, 99% used [0x00000007bd580000,0x00000007bfff8f30,0x00000007c0000000)
  to   space 72192K, 0% used [0x00000007b7300000,0x00000007b7300000,0x00000007bb980000)
 ParOldGen       total 699392K, used 40822K [0x0000000780000000, 0x00000007aab00000, 0x00000007aab00000)
  object space 699392K, 5% used [0x0000000780000000,0x00000007827ddac8,0x00000007aab00000)
 Metaspace       used 73578K, capacity 74218K, committed 74520K, reserved 1110016K
  class space    used 13722K, capacity 13975K, committed 13992K, reserved 1048576K
Event: 3875.606 GC heap after
Heap after GC invocations=13 (full 5):
 PSYoungGen      total 248320K, used 0K [0x00000007aab00000, 0x00000007c0000000, 0x00000007c0000000)
  eden space 204800K, 0% used [0x00000007aab00000,0x00000007aab00000,0x00000007b7300000)
  from space 43520K, 0% used [0x00000007bd580000,0x00000007bd580000,0x00000007c0000000)
  to   space 72192K, 0% used [0x00000007b7300000,0x00000007b7300000,0x00000007bb980000)
 ParOldGen       total 699392K, used 69427K [0x0000000780000000, 0x00000007aab00000, 0x00000007aab00000)
  object space 699392K, 9% used [0x0000000780000000,0x00000007843ccf78,0x00000007aab00000)
 Metaspace       used 73395K, capacity 73886K, committed 74520K, reserved 1110016K
  class space    used 13690K, capacity 13908K, committed 13992K, reserved 1048576K
}
Event: 3883.164 GC heap before
{Heap before GC invocations=14 (full 5):
 PSYoungGen      total 248320K, used 204800K [0x00000007aab00000, 0x00000007c0000000, 0x00000007c0000000)
  eden space 204800K, 100% used [0x00000007aab00000,0x00000007b7300000,0x00000007b7300000)
  from space 43520K, 0% used [0x00000007bd580000,0x00000007bd580000,0x00000007c0000000)
  to   space 72192K, 0% used [0x00000007b7300000,0x00000007b7300000,0x00000007bb980000)
 ParOldGen       total 699392K, used 69427K [0x0000000780000000, 0x00000007aab00000, 0x00000007aab00000)
  object space 699392K, 9% used [0x0000000780000000,0x00000007843ccf78,0x00000007aab00000)
 Metaspace       used 84475K, capacity 85100K, committed 85800K, reserved 1120256K
  class space    used 15310K, capacity 15527K, committed 15656K, reserved 1048576K
Event: 3883.189 GC heap after
Heap after GC invocations=14 (full 5):
 PSYoungGen      total 276992K, used 18236K [0x00000007aab00000, 0x00000007c0000000, 0x00000007c0000000)
  eden space 204800K, 0% used [0x00000007aab00000,0x00000007aab00000,0x00000007b7300000)
  from space 72192K, 25% used [0x00000007b7300000,0x00000007b84cf208,0x00000007bb980000)
  to   space 69120K, 0% used [0x00000007bbc80000,0x00000007bbc80000,0x00000007c0000000)
 ParOldGen       total 699392K, used 69435K [0x0000000780000000, 0x00000007aab00000, 0x00000007aab00000)
  object space 699392K, 9% used [0x0000000780000000,0x00000007843cef78,0x00000007aab00000)
 Metaspace       used 84475K, capacity 85100K, committed 85800K, reserved 1120256K
  class space    used 15310K, capacity 15527K, committed 15656K, reserved 1048576K
}
Event: 3884.803 GC heap before
{Heap before GC invocations=15 (full 5):
 PSYoungGen      total 276992K, used 223036K [0x00000007aab00000, 0x00000007c0000000, 0x00000007c0000000)
  eden space 204800K, 100% used [0x00000007aab00000,0x00000007b7300000,0x00000007b7300000)
  from space 72192K, 25% used [0x00000007b7300000,0x00000007b84cf208,0x00000007bb980000)
  to   space 69120K, 0% used [0x00000007bbc80000,0x00000007bbc80000,0x00000007c0000000)
 ParOldGen       total 699392K, used 69435K [0x0000000780000000, 0x00000007aab00000, 0x00000007aab00000)
  object space 699392K, 9% used [0x0000000780000000,0x00000007843cef78,0x00000007aab00000)
 Metaspace       used 84976K, capacity 85746K, committed 86056K, reserved 1120256K
  class space    used 15369K, capacity 15627K, committed 15656K, reserved 1048576K
Event: 3884.831 GC heap after
Heap after GC invocations=15 (full 5):
 PSYoungGen      total 283648K, used 29380K [0x00000007aab00000, 0x00000007c0000000, 0x00000007c0000000)
  eden space 214528K, 0% used [0x00000007aab00000,0x00000007aab00000,0x00000007b7c80000)
  from space 69120K, 42% used [0x00000007bbc80000,0x00000007bd9311b8,0x00000007c0000000)
  to   space 65536K, 0% used [0x00000007b7c80000,0x00000007b7c80000,0x00000007bbc80000)
 ParOldGen       total 699392K, used 69443K [0x0000000780000000, 0x00000007aab00000, 0x00000007aab00000)
  object space 699392K, 9% used [0x0000000780000000,0x00000007843d0f78,0x00000007aab00000)
 Metaspace       used 84976K, capacity 85746K, committed 86056K, reserved 1120256K
  class space    used 15369K, capacity 15627K, committed 15656K, reserved 1048576K
}

